running develop
running egg_info
creating ait_star_sim.egg-info
writing ait_star_sim.egg-info/PKG-INFO
writing dependency_links to ait_star_sim.egg-info/dependency_links.txt
writing entry points to ait_star_sim.egg-info/entry_points.txt
writing requirements to ait_star_sim.egg-info/requires.txt
writing top-level names to ait_star_sim.egg-info/top_level.txt
writing manifest file 'ait_star_sim.egg-info/SOURCES.txt'
reading manifest file 'ait_star_sim.egg-info/SOURCES.txt'
writing manifest file 'ait_star_sim.egg-info/SOURCES.txt'
running build_ext
Creating /home/jigar/AiT_star/ros2_ws/install/ait_star_sim/lib/python3.10/site-packages/ait-star-sim.egg-link (link to .)
Installing ait_star_node script to /home/jigar/AiT_star/ros2_ws/install/ait_star_sim/lib/ait_star_sim
Installing path_follower script to /home/jigar/AiT_star/ros2_ws/install/ait_star_sim/lib/ait_star_sim

Installed /home/jigar/AiT_star/ros2_ws/build/ait_star_sim
running symlink_data
creating /home/jigar/AiT_star/ros2_ws/install/ait_star_sim/share/ament_index
creating /home/jigar/AiT_star/ros2_ws/install/ait_star_sim/share/ament_index/resource_index
creating /home/jigar/AiT_star/ros2_ws/install/ait_star_sim/share/ament_index/resource_index/packages
symbolically linking /home/jigar/AiT_star/ros2_ws/build/ait_star_sim/resource/ait_star_sim -> /home/jigar/AiT_star/ros2_ws/install/ait_star_sim/share/ament_index/resource_index/packages
symbolically linking /home/jigar/AiT_star/ros2_ws/build/ait_star_sim/package.xml -> /home/jigar/AiT_star/ros2_ws/install/ait_star_sim/share/ait_star_sim
creating /home/jigar/AiT_star/ros2_ws/install/ait_star_sim/share/ait_star_sim/launch
creating /home/jigar/AiT_star/ros2_ws/install/ait_star_sim/share/ait_star_sim/worlds
symbolically linking /home/jigar/AiT_star/ros2_ws/build/ait_star_sim/worlds/ait_world.world -> /home/jigar/AiT_star/ros2_ws/install/ait_star_sim/share/ait_star_sim/worlds
